<Type Name="TestResult" FullName="Iot.Device.Bno055.TestResult">
  <TypeSignature Language="C#" Value="public enum TestResult" />
  <TypeSignature Language="ILAsm" Value=".class public auto ansi sealed TestResult extends System.Enum" />
  <TypeSignature Language="DocId" Value="T:Iot.Device.Bno055.TestResult" />
  <TypeSignature Language="VB.NET" Value="Public Enum TestResult" />
  <TypeSignature Language="F#" Value="type TestResult = " />
  <AssemblyInfo>
    <AssemblyName>Iot.Device.Bindings</AssemblyName>
    <AssemblyVersion>1.0.0.0</AssemblyVersion>
    <AssemblyVersion>1.1.0.0</AssemblyVersion>
    <AssemblyVersion>1.2.0.0</AssemblyVersion>
    <AssemblyVersion>1.3.0.0</AssemblyVersion>
    <AssemblyVersion>1.4.0.0</AssemblyVersion>
    <AssemblyVersion>1.5.0.0</AssemblyVersion>
    <AssemblyVersion>2.0.0.0</AssemblyVersion>
    <AssemblyVersion>2.1.0.0</AssemblyVersion>
    <AssemblyVersion>2.2.0.0</AssemblyVersion>
    <AssemblyVersion>3.0.0.0</AssemblyVersion>
  </AssemblyInfo>
  <Base>
    <BaseTypeName>System.Enum</BaseTypeName>
  </Base>
  <Attributes>
    <Attribute>
      <AttributeName Language="C#">[System.Flags]</AttributeName>
      <AttributeName Language="F#">[&lt;System.Flags&gt;]</AttributeName>
    </Attribute>
  </Attributes>
  <Docs>
    <summary>
            Test result
            </summary>
    <remarks>To be added.</remarks>
  </Docs>
  <Members>
    <Member MemberName="AcceleratorSuccess">
      <MemberSignature Language="C#" Value="AcceleratorSuccess" />
      <MemberSignature Language="ILAsm" Value=".field public static literal valuetype Iot.Device.Bno055.TestResult AcceleratorSuccess = int32(1)" />
      <MemberSignature Language="DocId" Value="F:Iot.Device.Bno055.TestResult.AcceleratorSuccess" />
      <MemberSignature Language="VB.NET" Value="AcceleratorSuccess" />
      <MemberSignature Language="F#" Value="AcceleratorSuccess = 1" Usage="Iot.Device.Bno055.TestResult.AcceleratorSuccess" />
      <MemberType>Field</MemberType>
      <AssemblyInfo>
        <AssemblyName>Iot.Device.Bindings</AssemblyName>
        <AssemblyVersion>1.0.0.0</AssemblyVersion>
        <AssemblyVersion>1.1.0.0</AssemblyVersion>
        <AssemblyVersion>1.2.0.0</AssemblyVersion>
        <AssemblyVersion>1.3.0.0</AssemblyVersion>
        <AssemblyVersion>1.4.0.0</AssemblyVersion>
        <AssemblyVersion>1.5.0.0</AssemblyVersion>
        <AssemblyVersion>2.0.0.0</AssemblyVersion>
        <AssemblyVersion>2.1.0.0</AssemblyVersion>
        <AssemblyVersion>2.2.0.0</AssemblyVersion>
        <AssemblyVersion>3.0.0.0</AssemblyVersion>
      </AssemblyInfo>
      <ReturnValue>
        <ReturnType>Iot.Device.Bno055.TestResult</ReturnType>
      </ReturnValue>
      <MemberValue>1</MemberValue>
      <Docs>
        <summary>Accelerometer success</summary>
      </Docs>
    </Member>
    <Member MemberName="GyroscopeSuccess">
      <MemberSignature Language="C#" Value="GyroscopeSuccess" />
      <MemberSignature Language="ILAsm" Value=".field public static literal valuetype Iot.Device.Bno055.TestResult GyroscopeSuccess = int32(4)" />
      <MemberSignature Language="DocId" Value="F:Iot.Device.Bno055.TestResult.GyroscopeSuccess" />
      <MemberSignature Language="VB.NET" Value="GyroscopeSuccess" />
      <MemberSignature Language="F#" Value="GyroscopeSuccess = 4" Usage="Iot.Device.Bno055.TestResult.GyroscopeSuccess" />
      <MemberType>Field</MemberType>
      <AssemblyInfo>
        <AssemblyName>Iot.Device.Bindings</AssemblyName>
        <AssemblyVersion>1.0.0.0</AssemblyVersion>
        <AssemblyVersion>1.1.0.0</AssemblyVersion>
        <AssemblyVersion>1.2.0.0</AssemblyVersion>
        <AssemblyVersion>1.3.0.0</AssemblyVersion>
        <AssemblyVersion>1.4.0.0</AssemblyVersion>
        <AssemblyVersion>1.5.0.0</AssemblyVersion>
        <AssemblyVersion>2.0.0.0</AssemblyVersion>
        <AssemblyVersion>2.1.0.0</AssemblyVersion>
        <AssemblyVersion>2.2.0.0</AssemblyVersion>
        <AssemblyVersion>3.0.0.0</AssemblyVersion>
      </AssemblyInfo>
      <ReturnValue>
        <ReturnType>Iot.Device.Bno055.TestResult</ReturnType>
      </ReturnValue>
      <MemberValue>4</MemberValue>
      <Docs>
        <summary>Gyroscope success</summary>
      </Docs>
    </Member>
    <Member MemberName="MagentometerSuccess">
      <MemberSignature Language="C#" Value="MagentometerSuccess" />
      <MemberSignature Language="ILAsm" Value=".field public static literal valuetype Iot.Device.Bno055.TestResult MagentometerSuccess = int32(2)" />
      <MemberSignature Language="DocId" Value="F:Iot.Device.Bno055.TestResult.MagentometerSuccess" />
      <MemberSignature Language="VB.NET" Value="MagentometerSuccess" />
      <MemberSignature Language="F#" Value="MagentometerSuccess = 2" Usage="Iot.Device.Bno055.TestResult.MagentometerSuccess" />
      <MemberType>Field</MemberType>
      <AssemblyInfo>
        <AssemblyName>Iot.Device.Bindings</AssemblyName>
        <AssemblyVersion>1.0.0.0</AssemblyVersion>
        <AssemblyVersion>1.1.0.0</AssemblyVersion>
        <AssemblyVersion>1.2.0.0</AssemblyVersion>
        <AssemblyVersion>1.3.0.0</AssemblyVersion>
        <AssemblyVersion>1.4.0.0</AssemblyVersion>
        <AssemblyVersion>1.5.0.0</AssemblyVersion>
        <AssemblyVersion>2.0.0.0</AssemblyVersion>
        <AssemblyVersion>2.1.0.0</AssemblyVersion>
        <AssemblyVersion>2.2.0.0</AssemblyVersion>
        <AssemblyVersion>3.0.0.0</AssemblyVersion>
      </AssemblyInfo>
      <ReturnValue>
        <ReturnType>Iot.Device.Bno055.TestResult</ReturnType>
      </ReturnValue>
      <MemberValue>2</MemberValue>
      <Docs>
        <summary>Magnetometer success</summary>
      </Docs>
    </Member>
    <Member MemberName="McuSuccess">
      <MemberSignature Language="C#" Value="McuSuccess" />
      <MemberSignature Language="ILAsm" Value=".field public static literal valuetype Iot.Device.Bno055.TestResult McuSuccess = int32(8)" />
      <MemberSignature Language="DocId" Value="F:Iot.Device.Bno055.TestResult.McuSuccess" />
      <MemberSignature Language="VB.NET" Value="McuSuccess" />
      <MemberSignature Language="F#" Value="McuSuccess = 8" Usage="Iot.Device.Bno055.TestResult.McuSuccess" />
      <MemberType>Field</MemberType>
      <AssemblyInfo>
        <AssemblyName>Iot.Device.Bindings</AssemblyName>
        <AssemblyVersion>1.0.0.0</AssemblyVersion>
        <AssemblyVersion>1.1.0.0</AssemblyVersion>
        <AssemblyVersion>1.2.0.0</AssemblyVersion>
        <AssemblyVersion>1.3.0.0</AssemblyVersion>
        <AssemblyVersion>1.4.0.0</AssemblyVersion>
        <AssemblyVersion>1.5.0.0</AssemblyVersion>
        <AssemblyVersion>2.0.0.0</AssemblyVersion>
        <AssemblyVersion>2.1.0.0</AssemblyVersion>
        <AssemblyVersion>2.2.0.0</AssemblyVersion>
        <AssemblyVersion>3.0.0.0</AssemblyVersion>
      </AssemblyInfo>
      <ReturnValue>
        <ReturnType>Iot.Device.Bno055.TestResult</ReturnType>
      </ReturnValue>
      <MemberValue>8</MemberValue>
      <Docs>
        <summary>MCU success</summary>
      </Docs>
    </Member>
  </Members>
</Type>
